  Action.cpp
  CompareActions.cpp
  CompareNodes.cpp
  CompareStorages.cpp
  Door.cpp
  main.cpp
c:\users\sonya\desktop\final\first\first\main.cpp(56): warning C4305: 'argument': truncation from 'double' to 'GLclampf'
  Maze.cpp
  MazePart.cpp
  Node.cpp
  Parent.cpp
  Point2D.cpp
  Room.cpp
c:\users\sonya\desktop\final\first\first\room.cpp(111): warning C4244: 'argument': conversion from 'time_t' to 'unsigned int', possible loss of data
  Storage.cpp
  StorageNode.cpp
  Warrior.cpp
c:\users\sonya\desktop\final\first\first\warrior.cpp(234): warning C4244: 'argument': conversion from 'time_t' to 'unsigned int', possible loss of data
c:\users\sonya\desktop\final\first\first\warrior.cpp(249): warning C4244: 'argument': conversion from 'time_t' to 'unsigned int', possible loss of data
  Generating Code...
  First.vcxproj -> C:\Users\Sonya\Desktop\final\First\Debug\First.exe
