c:\users\sonya\desktop\final\first\first\debug\vc141.pdb
c:\users\sonya\desktop\final\first\first\debug\vc141.idb
c:\users\sonya\desktop\final\first\first\debug\warrior.obj
c:\users\sonya\desktop\final\first\first\debug\storagenode.obj
c:\users\sonya\desktop\final\first\first\debug\storage.obj
c:\users\sonya\desktop\final\first\first\debug\room.obj
c:\users\sonya\desktop\final\first\first\debug\point2d.obj
c:\users\sonya\desktop\final\first\first\debug\parent.obj
c:\users\sonya\desktop\final\first\first\debug\node.obj
c:\users\sonya\desktop\final\first\first\debug\mazepart.obj
c:\users\sonya\desktop\final\first\first\debug\maze.obj
c:\users\sonya\desktop\final\first\first\debug\main.obj
c:\users\sonya\desktop\final\first\first\debug\door.obj
c:\users\sonya\desktop\final\first\first\debug\comparestorages.obj
c:\users\sonya\desktop\final\first\first\debug\comparenodes.obj
c:\users\sonya\desktop\final\first\first\debug\compareactions.obj
c:\users\sonya\desktop\final\first\first\debug\action.obj
c:\users\sonya\desktop\final\first\debug\first.ilk
c:\users\sonya\desktop\final\first\debug\first.exe
c:\users\sonya\desktop\final\first\debug\first.pdb
c:\users\sonya\desktop\final\first\first\debug\first.tlog\cl.command.1.tlog
c:\users\sonya\desktop\final\first\first\debug\first.tlog\cl.read.1.tlog
c:\users\sonya\desktop\final\first\first\debug\first.tlog\cl.write.1.tlog
c:\users\sonya\desktop\final\first\first\debug\first.tlog\link.command.1.tlog
c:\users\sonya\desktop\final\first\first\debug\first.tlog\link.read.1.tlog
c:\users\sonya\desktop\final\first\first\debug\first.tlog\link.write.1.tlog
